0 info it worked if it ends with ok
1 verbose cli [ '/usr/bin/node', '/usr/bin/npm', 'publish' ]
2 info using npm@3.10.10
3 info using node@v6.10.0
4 verbose publish [ '.' ]
5 silly cache add args [ '.', null ]
6 verbose cache add spec .
7 silly cache add parsed spec Result {
7 silly cache add   raw: '.',
7 silly cache add   scope: null,
7 silly cache add   escapedName: null,
7 silly cache add   name: null,
7 silly cache add   rawSpec: '.',
7 silly cache add   spec: '/home/dhershman/Desktop/tap-xml',
7 silly cache add   type: 'directory' }
8 verbose addLocalDirectory /home/dhershman/.npm/tap-junit/1.0.0/package.tgz not in flight; packing
9 verbose correctMkdir /home/dhershman/.npm correctMkdir not in flight; initializing
10 info lifecycle tap-junit@1.0.0~prepublish: tap-junit@1.0.0
11 silly lifecycle tap-junit@1.0.0~prepublish: no script for prepublish, continuing
12 verbose tar pack [ '/home/dhershman/.npm/tap-junit/1.0.0/package.tgz',
12 verbose tar pack   '/home/dhershman/Desktop/tap-xml' ]
13 verbose tarball /home/dhershman/.npm/tap-junit/1.0.0/package.tgz
14 verbose folder /home/dhershman/Desktop/tap-xml
15 verbose addLocalTarball adding from inside cache /home/dhershman/.npm/tap-junit/1.0.0/package.tgz
16 verbose correctMkdir /home/dhershman/.npm correctMkdir not in flight; initializing
17 silly cache afterAdd tap-junit@1.0.0
18 verbose afterAdd /home/dhershman/.npm/tap-junit/1.0.0/package/package.json not in flight; writing
19 verbose correctMkdir /home/dhershman/.npm correctMkdir not in flight; initializing
20 verbose afterAdd /home/dhershman/.npm/tap-junit/1.0.0/package/package.json written
21 silly publish { name: 'tap-junit',
21 silly publish   version: '1.0.0',
21 silly publish   description: 'XML TAP output formatter.',
21 silly publish   main: 'index.js',
21 silly publish   bin: { 'tap-junit': 'bin/tap-junit' },
21 silly publish   scripts:
21 silly publish    { test: 'tape test/pass.js | bin/tap-junit --output output/test',
21 silly publish      'test:fail': 'tape test/fail.js | bin/tap-junit --output output/test' },
21 silly publish   repository:
21 silly publish    { type: 'git',
21 silly publish      url: 'git+https://dhershman@bitbucket.org/dhershman/tap-junit.git' },
21 silly publish   keywords: [ 'test', 'tap', 'tape', 'xml', 'reporter', 'xunit', 'junit' ],
21 silly publish   author: { name: 'Dustin Hershman' },
21 silly publish   license: 'MIT',
21 silly publish   bugs: { url: 'https://bitbucket.org/dhershman/tap-junit/issues' },
21 silly publish   homepage: 'https://bitbucket.org/dhershman/tap-junit/overview',
21 silly publish   dependencies:
21 silly publish    { duplexer: '^0.1.1',
21 silly publish      'fs-extra': '^2.1.2',
21 silly publish      'tap-parser': '^0.4.3',
21 silly publish      tape: '^2.14.1',
21 silly publish      through2: '^0.4.1',
21 silly publish      xmlbuilder: '^8.2.2' },
21 silly publish   devDependencies: { eslint: '^3.17.1' },
21 silly publish   readme: '# tap-junit\n\nXML TAP output formatter for junit.\n\nWorks with tape and other tap based tests just pipe it into tap-junit and set your output param.\n\n## Parameters\n\n`--output` - designate where you want the .xml results to output\n\n## Installation\n\n~~~ text\nnpm install -g tap-junit\nnpm install tap-junit --save-dev\n~~~\n\n## Usage\n\n~~~ text\ntape test/*.js | tap-junit\nnode test.js | ./node_modules/tap-junit/bin/tap-junit\n~~~\n\n## Output\n\n```xml\n<testsuites>\n  <testsuite tests="3" failures="0" errors="0" name="example tests">\n    <testcase name="#1 Results should return val"/>\n    <testcase name="#2 results should return newVal"/>\n    <testcase name="#3 should not change param should return sameVal"/>\n  </testsuite>\n</testsuites>\n```\n',
21 silly publish   readmeFilename: 'README.md',
21 silly publish   gitHead: '326248a5a3bb45807f2fcccf566adb663f112736',
21 silly publish   _id: 'tap-junit@1.0.0',
21 silly publish   _shasum: '7f86cd39a0a0cc4c41945b1c338e65ebf2d3b17b',
21 silly publish   _from: '.' }
22 verbose getPublishConfig undefined
23 silly mapToRegistry name tap-junit
24 silly mapToRegistry using default registry
25 silly mapToRegistry registry http://devdocker01:8080/artifactory/api/npm/npm-virtual
26 silly mapToRegistry data Result {
26 silly mapToRegistry   raw: 'tap-junit',
26 silly mapToRegistry   scope: null,
26 silly mapToRegistry   escapedName: 'tap-junit',
26 silly mapToRegistry   name: 'tap-junit',
26 silly mapToRegistry   rawSpec: '',
26 silly mapToRegistry   spec: 'latest',
26 silly mapToRegistry   type: 'tag' }
27 silly mapToRegistry uri http://devdocker01:8080/artifactory/api/npm/npm-virtual/tap-junit
28 verbose publish registryBase http://devdocker01:8080/artifactory/api/npm/npm-virtual/
29 silly publish uploading /home/dhershman/.npm/tap-junit/1.0.0/package.tgz
30 verbose request uri http://devdocker01:8080/artifactory/api/npm/npm-virtual/tap-junit
31 verbose request always-auth set; sending authorization
32 info attempt registry request try #1 at 3:39:52 PM
33 verbose request id 9d8221cb56dd9d34
34 http request PUT http://devdocker01:8080/artifactory/api/npm/npm-virtual/tap-junit
35 http 403 http://devdocker01:8080/artifactory/api/npm/npm-virtual/tap-junit
36 verbose headers { date: 'Thu, 23 Mar 2017 19:39:52 GMT',
36 verbose headers   'content-type': 'application/json',
36 verbose headers   'transfer-encoding': 'chunked',
36 verbose headers   server: 'Artifactory/5.0.0',
36 verbose headers   'x-artifactory-id': 'e90ef832c9cbeabf:-38a3b9c6:15add9ca701:-8000' }
37 verbose request invalidating /home/dhershman/.npm/devdocker01_8080/artifactory/api/npm/npm-virtual/tap-junit on PUT
38 error publish Failed PUT 403
39 verbose stack Error: forbidden Cannot deploy to 'tap-junit/-/tap-junit-1.0.0.tgz: artifactory
39 verbose stack     at makeError (/usr/lib/node_modules/npm/node_modules.bundled/npm-registry-client/lib/request.js:302:12)
39 verbose stack     at CachingRegistryClient.<anonymous> (/usr/lib/node_modules/npm/node_modules.bundled/npm-registry-client/lib/request.js:290:14)
39 verbose stack     at Request._callback (/usr/lib/node_modules/npm/node_modules.bundled/npm-registry-client/lib/request.js:210:14)
39 verbose stack     at Request.self.callback (/usr/lib/node_modules/npm/node_modules.bundled/request/request.js:187:22)
39 verbose stack     at emitTwo (events.js:106:13)
39 verbose stack     at Request.emit (events.js:191:7)
39 verbose stack     at Request.<anonymous> (/usr/lib/node_modules/npm/node_modules.bundled/request/request.js:1048:10)
39 verbose stack     at emitOne (events.js:96:13)
39 verbose stack     at Request.emit (events.js:188:7)
39 verbose stack     at IncomingMessage.<anonymous> (/usr/lib/node_modules/npm/node_modules.bundled/request/request.js:969:12)
40 verbose statusCode 403
41 verbose pkgid artifactory
42 verbose cwd /home/dhershman/Desktop/tap-xml
43 error Linux 4.9.14-200.fc25.x86_64
44 error argv "/usr/bin/node" "/usr/bin/npm" "publish"
45 error node v6.10.0
46 error npm  v3.10.10
47 error code E403
48 error forbidden Cannot deploy to 'tap-junit/-/tap-junit-1.0.0.tgz: artifactory
49 error If you need help, you may report this error at:
49 error     <https://github.com/npm/npm/issues>
50 verbose exit [ 1, true ]
